d:\course\几何\qtwidgetsapplicationfinal\qtwidget.313fc10a\x64\debug\vc143.pdb
d:\course\几何\qtwidgetsapplicationfinal\qtwidget.313fc10a\x64\debug\vc143.idb
d:\course\几何\qtwidgetsapplicationfinal\qtwidget.313fc10a\x64\debug\qrc_qtwidgetsapplicationfinal.obj
d:\course\几何\qtwidgetsapplicationfinal\qtwidget.313fc10a\x64\debug\main.obj
d:\course\几何\qtwidgetsapplicationfinal\qtwidget.313fc10a\x64\debug\qtwidgetsapplicationfinal.obj
d:\course\几何\qtwidgetsapplicationfinal\qtwidget.313fc10a\x64\debug\moc_qtwidgetsapplicationfinal.obj
d:\course\几何\qtwidgetsapplicationfinal\qtwidget.313fc10a\x64\debug\qt\moc\moc_qtwidgetsapplicationfinal.cpp
d:\course\几何\qtwidgetsapplicationfinal\qtwidget.313fc10a\x64\debug\qt\uic\ui_qtwidgetsapplicationfinal.h
d:\course\几何\qtwidgetsapplicationfinal\qtwidget.313fc10a\x64\debug\qt\rcc\qrc_qtwidgetsapplicationfinal.cpp
d:\course\几何\qtwidgetsapplicationfinal\qtwidget.313fc10a\x64\debug\qtwidgetsapplicationfinal.ilk
d:\course\几何\qtwidgetsapplicationfinal\x64\debug\qtwidgetsapplicationfinal.pdb
d:\course\几何\qtwidgetsapplicationfinal\x64\debug\qtwidgetsapplicationfinal.exe
d:\course\几何\qtwidgetsapplicationfinal\qtwidget.313fc10a\x64\debug\qtwidget.313fc10a.tlog\cl.command.1.tlog
d:\course\几何\qtwidgetsapplicationfinal\qtwidget.313fc10a\x64\debug\qtwidget.313fc10a.tlog\cl.items.tlog
d:\course\几何\qtwidgetsapplicationfinal\qtwidget.313fc10a\x64\debug\qtwidget.313fc10a.tlog\cl.read.1.tlog
d:\course\几何\qtwidgetsapplicationfinal\qtwidget.313fc10a\x64\debug\qtwidget.313fc10a.tlog\cl.write.1.tlog
d:\course\几何\qtwidgetsapplicationfinal\qtwidget.313fc10a\x64\debug\qtwidget.313fc10a.tlog\link.command.1.tlog
d:\course\几何\qtwidgetsapplicationfinal\qtwidget.313fc10a\x64\debug\qtwidget.313fc10a.tlog\link.read.1.tlog
d:\course\几何\qtwidgetsapplicationfinal\qtwidget.313fc10a\x64\debug\qtwidget.313fc10a.tlog\link.secondary.1.tlog
d:\course\几何\qtwidgetsapplicationfinal\qtwidget.313fc10a\x64\debug\qtwidget.313fc10a.tlog\link.write.1.tlog
d:\course\几何\qtwidgetsapplicationfinal\qtwidget.313fc10a\x64\debug\qtwidget.313fc10a.tlog\moc.read.1u.tlog
d:\course\几何\qtwidgetsapplicationfinal\qtwidget.313fc10a\x64\debug\qtwidget.313fc10a.tlog\moc.write.1u.tlog
d:\course\几何\qtwidgetsapplicationfinal\qtwidget.313fc10a\x64\debug\qtwidget.313fc10a.tlog\qtwidgetsapplicationfinal.write.1u.tlog
d:\course\几何\qtwidgetsapplicationfinal\qtwidget.313fc10a\x64\debug\qtwidget.313fc10a.tlog\rcc.read.1u.tlog
d:\course\几何\qtwidgetsapplicationfinal\qtwidget.313fc10a\x64\debug\qtwidget.313fc10a.tlog\rcc.write.1u.tlog
d:\course\几何\qtwidgetsapplicationfinal\qtwidget.313fc10a\x64\debug\qtwidget.313fc10a.tlog\uic.read.1u.tlog
d:\course\几何\qtwidgetsapplicationfinal\qtwidget.313fc10a\x64\debug\qtwidget.313fc10a.tlog\uic.write.1u.tlog
